"E:/ESGI/Unreal/Platfromer/Platformer_Repo/Platformer/VisionUp/Content/Animation/Animation_Ground.uasset" 0
"E:/ESGI/Unreal/Platfromer/Platformer_Repo/Platformer/VisionUp/Content/Animation/Fade_In.uasset" 1
"E:/ESGI/Unreal/Platfromer/Platformer_Repo/Platformer/VisionUp/Content/Animation/Fade_Out.uasset" 2
"E:/ESGI/Unreal/Platfromer/Platformer_Repo/Platformer/VisionUp/Content/Geometry/Piranha/PiranhaAnimated_Skeleton.uasset" 3
"E:/ESGI/Unreal/Platfromer/Platformer_Repo/Platformer/VisionUp/Content/Geometry/Piranha/PiranhaAnimated_Anim_Armature_001_ArmatureAction.uasset" 4
"E:/ESGI/Unreal/Platfromer/Platformer_Repo/Platformer/VisionUp/Content/Geometry/Piranha/PiranhaAnimated_Anim_Armature_001_Piranha_001Action.uasset" 5
"E:/ESGI/Unreal/Platfromer/Platformer_Repo/Platformer/VisionUp/Content/Mannequin/Character/Mesh/UE4_Mannequin_Skeleton.uasset" 6
"E:/ESGI/Unreal/Platfromer/Platformer_Repo/Platformer/VisionUp/Content/Mannequin/Animations/ThirdPerson_Jump.uasset" 7
"E:/ESGI/Unreal/Platfromer/Platformer_Repo/Platformer/VisionUp/Content/Mannequin/Animations/ThirdPersonJump_Loop.uasset" 8
"E:/ESGI/Unreal/Platfromer/Platformer_Repo/Platformer/VisionUp/Content/Mannequin/Animations/ThirdPersonJump_Start.uasset" 9
"E:/ESGI/Unreal/Platfromer/Platformer_Repo/Platformer/VisionUp/Content/Mannequin/Animations/ThirdPersonIdle.uasset" 10
"E:/ESGI/Unreal/Platfromer/Platformer_Repo/Platformer/VisionUp/Content/Mannequin/Animations/ThirdPersonRun.uasset" 11
"E:/ESGI/Unreal/Platfromer/Platformer_Repo/Platformer/VisionUp/Content/Mannequin/Animations/ThirdPersonWalk.uasset" 12
"E:/ESGI/Unreal/Platfromer/Platformer_Repo/Platformer/VisionUp/Content/Mannequin/Animations/ThirdPerson_IdleRun_2D.uasset" 13
"../../../Engine/Content/EditorBlueprintResources/StandardMacros.uasset" 14
"E:/ESGI/Unreal/Platfromer/Platformer_Repo/Platformer/VisionUp/Content/Mannequin/Animations/ThirdPerson_AnimBP.uasset" 15
"../../../Engine/Content/Functions/Engine_MaterialFunctions02/Utility/BlendAngleCorrectedNormals.uasset" 16
"../../../Engine/Content/Functions/MaterialLayerFunctions/MatLayerBlend_NormalBlend.uasset" 17
"../../../Engine/Content/Functions/MaterialLayerFunctions/MatLayerBlend_Simple.uasset" 18
"E:/ESGI/Unreal/Platfromer/Platformer_Repo/Platformer/VisionUp/Content/Mannequin/Character/Materials/MaterialLayers/T_ML_Rubber_Blue_01_D.uasset" 19
"E:/ESGI/Unreal/Platfromer/Platformer_Repo/Platformer/VisionUp/Content/Mannequin/Character/Materials/MaterialLayers/T_ML_Rubber_Blue_01_N.uasset" 20
"E:/ESGI/Unreal/Platfromer/Platformer_Repo/Platformer/VisionUp/Content/Mannequin/Character/Materials/MaterialLayers/ML_GlossyBlack_Latex_UE4.uasset" 21
"E:/ESGI/Unreal/Platfromer/Platformer_Repo/Platformer/VisionUp/Content/Mannequin/Character/Materials/MaterialLayers/ML_Plastic_Shiny_Beige.uasset" 22
"E:/ESGI/Unreal/Platfromer/Platformer_Repo/Platformer/VisionUp/Content/Mannequin/Character/Textures/UE4_LOGO_CARD.uasset" 23
"E:/ESGI/Unreal/Platfromer/Platformer_Repo/Platformer/VisionUp/Content/Mannequin/Character/Materials/MaterialLayers/ML_Plastic_Shiny_Beige_LOGO.uasset" 24
"E:/ESGI/Unreal/Platfromer/Platformer_Repo/Platformer/VisionUp/Content/Mannequin/Character/Materials/MaterialLayers/T_ML_Aluminum01.uasset" 25
"E:/ESGI/Unreal/Platfromer/Platformer_Repo/Platformer/VisionUp/Content/Mannequin/Character/Materials/MaterialLayers/T_ML_Aluminum01_N.uasset" 26
"E:/ESGI/Unreal/Platfromer/Platformer_Repo/Platformer/VisionUp/Content/Mannequin/Character/Materials/MaterialLayers/ML_SoftMetal_UE4.uasset" 27
"E:/ESGI/Unreal/Platfromer/Platformer_Repo/Platformer/VisionUp/Content/Mannequin/Character/Textures/UE4_Mannequin__normals.uasset" 28
"E:/ESGI/Unreal/Platfromer/Platformer_Repo/Platformer/VisionUp/Content/Mannequin/Character/Textures/UE4_Mannequin_MAT_MASKA.uasset" 29
"E:/ESGI/Unreal/Platfromer/Platformer_Repo/Platformer/VisionUp/Content/Mannequin/Character/Materials/M_UE4Man_Body.uasset" 30
"E:/ESGI/Unreal/Platfromer/Platformer_Repo/Platformer/VisionUp/Content/Mannequin/Character/Textures/UE4Man_Logo_N.uasset" 31
"E:/ESGI/Unreal/Platfromer/Platformer_Repo/Platformer/VisionUp/Content/Mannequin/Character/Materials/M_UE4Man_ChestLogo.uasset" 32
"E:/ESGI/Unreal/Platfromer/Platformer_Repo/Platformer/VisionUp/Content/Mannequin/Character/Mesh/SK_Mannequin_PhysicsAsset.uasset" 33
"E:/ESGI/Unreal/Platfromer/Platformer_Repo/Platformer/VisionUp/Content/Mannequin/Character/Mesh/SK_Mannequin.uasset" 34
"E:/ESGI/Unreal/Platfromer/Platformer_Repo/Platformer/VisionUp/Content/VisionUpCharacter/PlayerTrigger_Blueprint.uasset" 35
"../../../Engine/Content/Animation/DefaultAnimCurveCompressionSettings.uasset" 36
"../../../Engine/Content/Functions/Engine_MaterialFunctions01/Opacity/CameraDepthFade.uasset" 37
"../../../Engine/Content/EngineMaterials/T_Default_Material_Grid_M.uasset" 38
"../../../Engine/Content/EngineMaterials/T_Default_Material_Grid_N.uasset" 39
"../../../Engine/Content/EngineMaterials/WorldGridMaterial.uasset" 40
"../../../Engine/Content/ArtTools/RenderToTexture/Meshes/S_1_Unit_Plane.uasset" 41
"../../../Engine/Content/EngineMaterials/DefaultMaterial.uasset" 42
"../../../Engine/Content/BasicShapes/Cone.uasset" 43
"../../../Engine/Content/BasicShapes/Plane.uasset" 44
"../../../Engine/Content/BasicShapes/Sphere.uasset" 45
"../../../Engine/Content/EditorLandscapeResources/DataLayer.uasset" 46
"../../../Engine/Content/EditorMaterials/MAT_Groups_Toggle.uasset" 47
"../../../Engine/Content/EditorMaterials/MAT_Groups_Visibility.uasset" 48
"../../../Engine/Content/EditorMaterials/PreviewShadowIndicator.uasset" 49
"../../../Engine/Content/EditorMaterials/PreviewShadowIndicatorMaterial.uasset" 50
"../../../Engine/Content/EditorMaterials/MatineeGroups/MAT_ColorTrack.uasset" 51
"../../../Engine/Content/EditorMaterials/MatineeGroups/MAT_Groups_Anim.uasset" 52
"../../../Engine/Content/EditorMaterials/MatineeGroups/MAT_Groups_AudioMaster.uasset" 53
"../../../Engine/Content/EditorMaterials/MatineeGroups/MAT_Groups_Director.uasset" 54
"../../../Engine/Content/EditorMaterials/MatineeGroups/MAT_Groups_Event.uasset" 55
"../../../Engine/Content/EditorMaterials/MatineeGroups/MAT_Groups_Fade.uasset" 56
"../../../Engine/Content/EditorMaterials/MatineeGroups/MAT_Groups_Float.uasset" 57
"../../../Engine/Content/EditorMaterials/MatineeGroups/MAT_Groups_Move.uasset" 58
"../../../Engine/Content/EditorMaterials/MatineeGroups/MAT_Groups_Slomo.uasset" 59
"../../../Engine/Content/EditorMaterials/MatineeGroups/MAT_Groups_Sound.uasset" 60
"../../../Engine/Content/EditorMaterials/MatineeGroups/MAT_Groups_Vector.uasset" 61
"../../../Engine/Content/EditorMaterials/ParticleSystems/PSysThumbnail_NoImage.uasset" 62
"../../../Engine/Content/EditorMaterials/ParticleSystems/PSysThumbnail_OOD.uasset" 63
"../../../Engine/Content/EditorMaterials/Camera/CineMat.uasset" 64
"../../../Engine/Content/EditorMaterials/Camera/MI_CineMat_Rig.uasset" 65
"../../../Engine/Content/EditorMeshes/Camera/SM_CraneRig_Arm.uasset" 66
"../../../Engine/Content/EditorMeshes/Camera/SM_CraneRig_Base.uasset" 67
"../../../Engine/Content/EditorMeshes/Camera/SM_CraneRig_Body.uasset" 68
"../../../Engine/Content/EditorMeshes/Camera/SM_CraneRig_Mount.uasset" 69
"../../../Engine/Content/EditorMeshes/Camera/SM_RailRig_Mount.uasset" 70
"../../../Engine/Content/EditorMeshes/Camera/SM_RailRig_Track.uasset" 71
"../../../Engine/Content/EditorResources/BSPVertex.uasset" 72
"../../../Engine/Content/EditorResources/EmptyActor.uasset" 73
"../../../Engine/Content/EditorResources/S_Actor.uasset" 74
"../../../Engine/Content/EditorResources/S_Note.uasset" 75
"../../../Engine/Content/EditorResources/S_Solver.uasset" 76
"../../../Engine/Content/EditorResources/S_Trigger.uasset" 77
"../../../Engine/Content/EditorResources/AudioIcons/S_AudioComponent_AutoActivate.uasset" 78
"../../../Engine/Content/EditorResources/LightIcons/S_LightError.uasset" 79
"../../../Engine/Content/EditorResources/SequenceRecorder/Countdown.uasset" 80
"../../../Engine/Content/EditorResources/SequenceRecorder/RecordingIndicator.uasset" 81
"../../../Engine/Content/EditorSounds/Notifications/CompileFailed.uasset" 82
"../../../Engine/Content/EditorSounds/Notifications/CompileFailed_Cue.uasset" 83
"../../../Engine/Content/EditorSounds/Notifications/CompileSuccess.uasset" 84
"../../../Engine/Content/EditorSounds/Notifications/CompileStart_Cue.uasset" 85
"../../../Engine/Content/EditorSounds/Notifications/CompileSuccess_Cue.uasset" 86
"../../../Engine/Content/EngineDamageTypes/DmgTypeBP_Environmental.uasset" 87
"../../../Engine/Content/EngineDebugMaterials/DebugEditorMaterial.uasset" 88
"../../../Engine/Content/EngineDebugMaterials/DebugMeshMaterial.uasset" 89
"../../../Engine/Content/EngineDebugMaterials/M_SimpleTranslucent.uasset" 90
"../../../Engine/Content/Functions/Engine_MaterialFunctions02/Utility/CameraDirectionVector.uasset" 91
"../../../Engine/Content/EngineDebugMaterials/VolumeToRender.uasset" 92
"../../../Engine/Content/EngineDebugMaterials/M_VolumeRenderSphereTracePP.uasset" 93
"../../../Engine/Content/EngineDebugMaterials/WireframeMaterial.uasset" 94
"../../../Engine/Content/EngineFonts/Faces/DroidSansFallback.uasset" 95
"../../../Engine/Content/EngineFonts/Faces/RobotoBold.uasset" 96
"../../../Engine/Content/EngineFonts/Faces/RobotoBoldItalic.uasset" 97
"../../../Engine/Content/EngineFonts/Faces/RobotoItalic.uasset" 98
"../../../Engine/Content/EngineFonts/Faces/RobotoLight.uasset" 99
"../../../Engine/Content/EngineFonts/Faces/RobotoRegular.uasset" 100
"../../../Engine/Content/EngineFonts/Roboto.uasset" 101
"../../../Engine/Content/EngineMaterials/BaseFlattenDiffuseMap.uasset" 102
"../../../Engine/Content/EngineMaterials/BaseFlattenEmissiveMap.uasset" 103
"../../../Engine/Content/EngineMaterials/BaseFlattenGrayscaleMap.uasset" 104
"../../../Engine/Content/EngineMaterials/BaseFlattenNormalMap.uasset" 105
"../../../Engine/Content/EngineMaterials/BaseFlattenMaterial.uasset" 106
"../../../Engine/Content/EngineMaterials/BlueNoise.uasset" 107
"../../../Engine/Content/EngineMaterials/DefaultBloomKernel.uasset" 108
"../../../Engine/Content/EngineMaterials/DefaultBokeh.uasset" 109
"../../../Engine/Content/EngineMaterials/DefaultDiffuse.uasset" 110
"../../../Engine/Content/EngineMaterials/DefaultDeferredDecalMaterial.uasset" 111
"../../../Engine/Content/EngineMaterials/DefaultLightFunctionMaterial.uasset" 112
"../../../Engine/Content/EngineMaterials/DefaultPhysicalMaterial.uasset" 113
"../../../Engine/Content/Functions/Engine_MaterialFunctions02/Utility/BreakOutFloat2Components.uasset" 114
"../../../Engine/Content/EngineMaterials/DefaultPostProcessMaterial.uasset" 115
"../../../Engine/Content/EngineFonts/RobotoDistanceField.uasset" 116
"../../../Engine/Content/EngineMaterials/DefaultTextMaterialOpaque.uasset" 117
"../../../Engine/Content/EngineMaterials/DefaultVirtualTextureMaterial.uasset" 118
"../../../Engine/Content/EngineMaterials/DefaultWhiteGrid.uasset" 119
"../../../Engine/Content/EngineMaterials/DefaultWhiteGrid_Low.uasset" 120
"../../../Engine/Content/EngineMaterials/EmissiveMeshMaterial.uasset" 121
"../../../Engine/Content/EngineMaterials/GizmoMaterial.uasset" 122
"../../../Engine/Content/EngineMaterials/Good64x64TilingNoiseHighFreq.uasset" 123
"../../../Engine/Content/EngineMaterials/HairDefaultMaterial.uasset" 124
"../../../Engine/Content/EngineMaterials/MiniFont.uasset" 125
"../../../Engine/Content/EngineMaterials/InvalidLightmapSettings.uasset" 126
"../../../Engine/Content/EngineMaterials/M_InvalidLightmapSettings.uasset" 127
"../../../Engine/Content/Functions/Engine_MaterialFunctions02/WorldPositionOffset/CameraOffset.uasset" 128
"../../../Engine/Content/EngineMaterials/PhAT_JointLimitMaterial.uasset" 129
"../../../Engine/Content/EngineMaterials/PreintegratedSkinBRDF.uasset" 130
"../../../Engine/Content/EngineMaterials/RemoveSurfaceMaterial.uasset" 131
"../../../Engine/Content/EngineMaterials/WeightMapPlaceholderTexture.uasset" 132
"../../../Engine/Content/EngineResources/WhiteSquareTexture.uasset" 133
"../../../Engine/Content/EngineMaterials/Widget3DPassThrough.uasset" 134
"../../../Engine/Content/EngineMaterials/Widget3DPassThrough_Masked.uasset" 135
"../../../Engine/Content/EngineMaterials/Widget3DPassThrough_Opaque.uasset" 136
"../../../Engine/Content/EngineMaterials/Widget3DPassThrough_Masked_OneSided.uasset" 137
"../../../Engine/Content/EngineMaterials/Widget3DPassThrough_Opaque_OneSided.uasset" 138
"../../../Engine/Content/EngineMaterials/Widget3DPassThrough_Translucent.uasset" 139
"../../../Engine/Content/EngineMaterials/Widget3DPassThrough_Translucent_OneSided.uasset" 140
"../../../Engine/Content/EngineMeshes/Cylinder.uasset" 141
"../../../Engine/Content/EngineMeshes/Sphere.uasset" 142
"../../../Engine/Content/EngineResources/DefaultTexture.uasset" 143
"../../../Engine/Content/EngineResources/DefaultTextureCube.uasset" 144
"../../../Engine/Content/EngineResources/DefaultVolumeTexture2D.uasset" 145
"../../../Engine/Content/EngineResources/DefaultVolumeTexture.uasset" 146
"../../../Engine/Content/EngineResources/GradientTexture0.uasset" 147
"../../../Engine/Content/EngineSounds/Master.uasset" 148
"../../../Engine/Content/Functions/Engine_MaterialFunctions01/Shading/ConvertFromDiffSpec.uasset" 149
"../../../Engine/Content/Functions/Engine_MaterialFunctions01/Shading/PowerToRoughness.uasset" 150
"../../../Engine/Content/Maps/Templates/Thumbnails/Default.uasset" 151
"../../../Engine/Content/Maps/Templates/Thumbnails/TimeOfDay.uasset" 152
"../../../Engine/Content/Maps/Templates/Thumbnails/VR-Basic.uasset" 153
"../../../Engine/Content/MobileResources/T_MobileControls_texture.uasset" 154
"../../../Engine/Content/MobileResources/T_MobileMenu2.uasset" 155
"../../../Engine/Content/MobileResources/HUD/AnalogHat.uasset" 156
"../../../Engine/Content/MobileResources/HUD/VirtualJoystick_Background.uasset" 157
"../../../Engine/Content/MobileResources/HUD/VirtualJoystick_Thumb.uasset" 158
"../../../Engine/Content/MobileResources/HUD/DefaultVirtualJoysticks.uasset" 159
"../../../Engine/Content/MobileResources/HUD/LeftVirtualJoystickOnly.uasset" 160
"../../../Engine/Content/MobileResources/HUD/MobileHUDButton1_off.uasset" 161
"../../../Engine/Content/MobileResources/HUD/MobileHUDButton1_on.uasset" 162
"../../../Engine/Content/MobileResources/HUD/MobileHUDButton2_off.uasset" 163
"../../../Engine/Content/MobileResources/HUD/MobileHUDButton2_on.uasset" 164
"../../../Engine/Content/MobileResources/HUD/MobileHUDButton3.uasset" 165
"../../../Engine/Content/MobileResources/HUD/MobileHUDButtonFire.uasset" 166
"../../../Engine/Content/MobileResources/HUD/MobileHUDDirectionPad.uasset" 167
"../../../Engine/Content/MobileResources/HUD/MobileHUDDirectionPad2.uasset" 168
"../../../Engine/Content/MobileResources/HUD/MobileHUDDirectionPad3.uasset" 169
"../../../Engine/Content/MobileResources/HUD/MobileHUDDirectionStick.uasset" 170
"../../../Engine/Content/MobileResources/HUD/T_Castle_ThumbstickInner.uasset" 171
"../../../Engine/Content/MobileResources/HUD/T_Castle_ThumbstickOutter.uasset" 172
"../../../Engine/Content/Tutorial/ContentIntroCurve.uasset" 173
"../../../Engine/Content/Tutorial/Basics/LevelEditorAttract.uasset" 174
"../../../Engine/Content/VREditor/LaserPointer/VR_LaserPower_01.uasset" 175
"../../../Engine/Content/VREditor/TransformGizmo/TransformGizmoMaterial.uasset" 176
"../../../Engine/Content/VREditor/TransformGizmo/TranslucentTransformGizmoMaterial.uasset" 177
"../../../Engine/Content/VREditor/TransformGizmo/BoundingBoxCorner.uasset" 178
"../../../Engine/Content/VREditor/TransformGizmo/BoundingBoxEdge.uasset" 179
"../../../Engine/Content/VREditor/TransformGizmo/PlaneTranslationHandle.uasset" 180
"../../../Engine/Content/VREditor/TransformGizmo/Main.uasset" 181
"../../../Engine/Content/VREditor/TransformGizmo/Xray.uasset" 182
"../../../Engine/Content/VREditor/TransformGizmo/SM_Sequencer_Key.uasset" 183
"../../../Engine/Content/VREditor/TransformGizmo/SM_Sequencer_Node.uasset" 184
"../../Plugins/2D/Paper2D/Content/PlaceholderTextures/DummySpriteTexture.uasset" 185
"../../Plugins/2D/Paper2D/Content/DummySprite.uasset" 186
"../../Plugins/2D/Paper2D/Content/DefaultPaperTerrainMaterial.uasset" 187
"../../Plugins/2D/Paper2D/Content/DummySpriteTexture.uasset" 188
"../../Plugins/2D/Paper2D/Content/DefaultSpriteMaterial.uasset" 189
"../../Plugins/2D/Paper2D/Content/MaskedUnlitSpriteMaterial.uasset" 190
"../../Plugins/2D/Paper2D/Content/OpaqueUnlitSpriteMaterial.uasset" 191
"../../../Engine/Content/Functions/Engine_MaterialFunctions02/Utility/BreakOutFloat4Components.uasset" 192
"../../../Engine/Content/Functions/Engine_MaterialFunctions02/Utility/MakeFloat2.uasset" 193
"../../../Engine/Content/Functions/Engine_MaterialFunctions02/Utility/MakeFloat3.uasset" 194
"../../Plugins/Runtime/Oculus/OculusVR/Content/Materials/OculusMR_ChromaKey.uasset" 195
"../../Plugins/Runtime/Oculus/OculusVR/Content/Materials/OculusMR_ChromaKey_Lit.uasset" 196
"../../Plugins/Runtime/Oculus/OculusVR/Content/Materials/OculusMR_OpaqueColoredMaterial.uasset" 197
"../../Plugins/Runtime/Oculus/OculusVR/Content/Materials/OculusMR_WhiteMaterial.uasset" 198
"../../../Engine/Content/BasicShapes/BasicShapeMaterial.uasset" 199
"E:/ESGI/Unreal/Platfromer/Platformer_Repo/Platformer/VisionUp/Content/Geometry/Lampadaire/Emissive.uasset" 200
"E:/ESGI/Unreal/Platfromer/Platformer_Repo/Platformer/VisionUp/Content/Geometry/Lampadaire/Emissive_Inst.uasset" 201
"../../../Engine/Content/BasicShapes/Cylinder.uasset" 202
"E:/ESGI/Unreal/Platfromer/Platformer_Repo/Platformer/VisionUp/Content/Geometry/Lampadaire/Textures/Lampadaire_Base_BaseColor.uasset" 203
"E:/ESGI/Unreal/Platfromer/Platformer_Repo/Platformer/VisionUp/Content/Geometry/Lampadaire/Textures/Lampadaire_Base_Normal.uasset" 204
"E:/ESGI/Unreal/Platfromer/Platformer_Repo/Platformer/VisionUp/Content/Geometry/Lampadaire/Textures/Lampadaire_Base_OcclusionRoughnessMetallic.uasset" 205
"E:/ESGI/Unreal/Platfromer/Platformer_Repo/Platformer/VisionUp/Content/Geometry/Lampadaire/Base.uasset" 206
"../../../Engine/Content/Functions/Engine_MaterialFunctions02/Fresnel_Function.uasset" 207
"E:/ESGI/Unreal/Platfromer/Platformer_Repo/Platformer/VisionUp/Content/Geometry/Lampadaire/Glace.uasset" 208
"E:/ESGI/Unreal/Platfromer/Platformer_Repo/Platformer/VisionUp/Content/Geometry/Lampadaire/Lampadaire.uasset" 209
"E:/ESGI/Unreal/Platfromer/Platformer_Repo/Platformer/VisionUp/Content/Blueprints/LightTrigger_Blueprint.uasset" 210
"E:/ESGI/Unreal/Platfromer/Platformer_Repo/Platformer/VisionUp/Content/ThirdPersonBP/Blueprints/ThirdPersonCharacter.uasset" 211
"E:/ESGI/Unreal/Platfromer/Platformer_Repo/Platformer/VisionUp/Content/Blueprints/LightTrigger.uasset" 212
"E:/ESGI/Unreal/Platfromer/Platformer_Repo/Platformer/VisionUp/Content/ThirdPersonBP/Blueprints/ThirdPersonGameMode.uasset" 213
"E:/ESGI/Unreal/Platfromer/Platformer_Repo/Platformer/VisionUp/Content/Geometry/Meshes/CubeMaterial.uasset" 214
"E:/ESGI/Unreal/Platfromer/Platformer_Repo/Platformer/VisionUp/Content/Geometry/Meshes/TemplateFloor.uasset" 215
"E:/ESGI/Unreal/Platfromer/Platformer_Repo/Platformer/VisionUp/Content/Scenes/MasterScene.umap" 216
"E:/ESGI/Unreal/Platfromer/Platformer_Repo/Platformer/VisionUp/Content/Geometry/Piranha/PiranhaAnimated_Anim_Armature_001_Armature_001Action.uasset" 217
"E:/ESGI/Unreal/Platfromer/Platformer_Repo/Platformer/VisionUp/Content/ReactiveWater/Dr_Game_WaterFall/Textures/waterfall/Particle_fog_splash/fog_01.uasset" 218
"E:/ESGI/Unreal/Platfromer/Platformer_Repo/Platformer/VisionUp/Content/ReactiveWater/Dr_Game_WaterFall/Materials/fog1.uasset" 219
"E:/ESGI/Unreal/Platfromer/Platformer_Repo/Platformer/VisionUp/Content/ReactiveWater/Dr_Game_WaterFall/Textures/waterfall/Particle_fog_splash/fog_02.uasset" 220
"E:/ESGI/Unreal/Platfromer/Platformer_Repo/Platformer/VisionUp/Content/ReactiveWater/Dr_Game_WaterFall/Materials/fog2.uasset" 221
"E:/ESGI/Unreal/Platfromer/Platformer_Repo/Platformer/VisionUp/Content/ReactiveWater/Dr_Game_WaterFall/Textures/waterfall/UV_fulid/t1.uasset" 222
"E:/ESGI/Unreal/Platfromer/Platformer_Repo/Platformer/VisionUp/Content/ReactiveWater/Dr_Game_WaterFall/Materials/mesh_01.uasset" 223
"../../../Engine/Content/Functions/Engine_MaterialFunctions01/Gradient/LinearGradient.uasset" 224
"../../../Engine/Content/Functions/Engine_MaterialFunctions01/ImageAdjustment/CheapContrast.uasset" 225
"E:/ESGI/Unreal/Platfromer/Platformer_Repo/Platformer/VisionUp/Content/ReactiveWater/Dr_Game_WaterFall/Textures/waterfall/UV_fulid/t3_alpha.uasset" 226
"E:/ESGI/Unreal/Platfromer/Platformer_Repo/Platformer/VisionUp/Content/ReactiveWater/Dr_Game_WaterFall/Materials/mesh_02.uasset" 227
"E:/ESGI/Unreal/Platfromer/Platformer_Repo/Platformer/VisionUp/Content/ReactiveWater/Dr_Game_WaterFall/Textures/waterfall/Particle_foam/foam_1.uasset" 228
"E:/ESGI/Unreal/Platfromer/Platformer_Repo/Platformer/VisionUp/Content/ReactiveWater/Dr_Game_WaterFall/Materials/mesh_03.uasset" 229
"E:/ESGI/Unreal/Platfromer/Platformer_Repo/Platformer/VisionUp/Content/ReactiveWater/Dr_Game_WaterFall/Textures/waterfall/UV_Caustics/highlight_1.uasset" 230
"E:/ESGI/Unreal/Platfromer/Platformer_Repo/Platformer/VisionUp/Content/ReactiveWater/Dr_Game_WaterFall/Materials/mesh_04.uasset" 231
"E:/ESGI/Unreal/Platfromer/Platformer_Repo/Platformer/VisionUp/Content/ReactiveWater/Dr_Game_WaterFall/Textures/waterfall/Particle_fog_splash/splash_01.uasset" 232
"E:/ESGI/Unreal/Platfromer/Platformer_Repo/Platformer/VisionUp/Content/ReactiveWater/Dr_Game_WaterFall/Materials/slash1.uasset" 233
"E:/ESGI/Unreal/Platfromer/Platformer_Repo/Platformer/VisionUp/Content/ReactiveWater/Dr_Game_WaterFall/Textures/waterfall/Particle_fog_splash/splash_02.uasset" 234
"E:/ESGI/Unreal/Platfromer/Platformer_Repo/Platformer/VisionUp/Content/ReactiveWater/Dr_Game_WaterFall/Materials/slash2.uasset" 235
"E:/ESGI/Unreal/Platfromer/Platformer_Repo/Platformer/VisionUp/Content/ReactiveWater/Dr_Game_WaterFall/Model/waterfall_meash.uasset" 236
"E:/ESGI/Unreal/Platfromer/Platformer_Repo/Platformer/VisionUp/Content/ReactiveWater/Dr_Game_WaterFall/Particle/high_waterfall.uasset" 237
"E:/ESGI/Unreal/Platfromer/Platformer_Repo/Platformer/VisionUp/Content/ReactiveWater/Dr_Game_WaterFall/Sound/WaterFallP_01.uasset" 238
"E:/ESGI/Unreal/Platfromer/Platformer_Repo/Platformer/VisionUp/Content/ReactiveWater/Dr_Game_WaterFall/Sound/WaterFallP_01_Cue.uasset" 239
"E:/ESGI/Unreal/Platfromer/Platformer_Repo/Platformer/VisionUp/Content/ReactiveWater/Dr_Game_WaterFall/WaterFalls/high_waterfall.uasset" 240
"E:/ESGI/Unreal/Platfromer/Platformer_Repo/Platformer/VisionUp/Content/ReactiveWater/Dr_Game_WaterFall/Materials/fog1_r.uasset" 241
"E:/ESGI/Unreal/Platfromer/Platformer_Repo/Platformer/VisionUp/Content/ReactiveWater/Dr_Game_WaterFall/Materials/mesh_01r.uasset" 242
"E:/ESGI/Unreal/Platfromer/Platformer_Repo/Platformer/VisionUp/Content/ReactiveWater/Dr_Game_WaterFall/Textures/waterfall/UV_Caustics/highlight_2.uasset" 243
"E:/ESGI/Unreal/Platfromer/Platformer_Repo/Platformer/VisionUp/Content/ReactiveWater/Dr_Game_WaterFall/Materials/mesh_05.uasset" 244
"E:/ESGI/Unreal/Platfromer/Platformer_Repo/Platformer/VisionUp/Content/ReactiveWater/Dr_Game_WaterFall/Textures/waterfall/UV_fulid/fulid_02.uasset" 245
"E:/ESGI/Unreal/Platfromer/Platformer_Repo/Platformer/VisionUp/Content/ReactiveWater/Dr_Game_WaterFall/Textures/waterfall/UV_fulid/fulid_normal.uasset" 246
"E:/ESGI/Unreal/Platfromer/Platformer_Repo/Platformer/VisionUp/Content/ReactiveWater/Dr_Game_WaterFall/Materials/mesh_refraction.uasset" 247
"E:/ESGI/Unreal/Platfromer/Platformer_Repo/Platformer/VisionUp/Content/ReactiveWater/Dr_Game_WaterFall/Particle/refraction_waterfall.uasset" 248
"E:/ESGI/Unreal/Platfromer/Platformer_Repo/Platformer/VisionUp/Content/ReactiveWater/Dr_Game_WaterFall/Sound/WaterFallP_03.uasset" 249
"E:/ESGI/Unreal/Platfromer/Platformer_Repo/Platformer/VisionUp/Content/ReactiveWater/Dr_Game_WaterFall/Sound/WaterFallP_03_Cue.uasset" 250
"E:/ESGI/Unreal/Platfromer/Platformer_Repo/Platformer/VisionUp/Content/ReactiveWater/Dr_Game_WaterFall/WaterFalls/refraction_waterfall.uasset" 251
"E:/ESGI/Unreal/Platfromer/Platformer_Repo/Platformer/VisionUp/Content/ReactiveWater/Materials/CC_Water_Color.uasset" 252
"../../../Engine/Content/Functions/Engine_MaterialFunctions03/Procedurals/NormalFromHeightmap.uasset" 253
"E:/ESGI/Unreal/Platfromer/Platformer_Repo/Platformer/VisionUp/Content/ReactiveWater/Textures/T_Ring.uasset" 254
"E:/ESGI/Unreal/Platfromer/Platformer_Repo/Platformer/VisionUp/Content/ReactiveWater/Materials/M_Impact_Ripple.uasset" 255
"../../../Engine/Content/Functions/Engine_MaterialFunctions02/Utility/BreakOutFloat3Components.uasset" 256
"E:/ESGI/Unreal/Platfromer/Platformer_Repo/Platformer/VisionUp/Content/ReactiveWater/Textures/T_Water_HM.uasset" 257
"E:/ESGI/Unreal/Platfromer/Platformer_Repo/Platformer/VisionUp/Content/ReactiveWater/Materials/M_Water.uasset" 258
"E:/ESGI/Unreal/Platfromer/Platformer_Repo/Platformer/VisionUp/Content/ReactiveWater/Materials/M_Water_Collision.uasset" 259
"E:/ESGI/Unreal/Platfromer/Platformer_Repo/Platformer/VisionUp/Content/ReactiveWater/Blueprints/E_Shapes.uasset" 260
"E:/ESGI/Unreal/Platfromer/Platformer_Repo/Platformer/VisionUp/Content/ReactiveWater/Meshes/SM_Box_Centered.uasset" 261
"E:/ESGI/Unreal/Platfromer/Platformer_Repo/Platformer/VisionUp/Content/ReactiveWater/Meshes/SM_Circle.uasset" 262
"E:/ESGI/Unreal/Platfromer/Platformer_Repo/Platformer/VisionUp/Content/ReactiveWater/Meshes/SM_Cylinder.uasset" 263
"E:/ESGI/Unreal/Platfromer/Platformer_Repo/Platformer/VisionUp/Content/ReactiveWater/Meshes/SM_Plane.uasset" 264
"E:/ESGI/Unreal/Platfromer/Platformer_Repo/Platformer/VisionUp/Content/ReactiveWater/Textures/T_Alphas.uasset" 265
"E:/ESGI/Unreal/Platfromer/Platformer_Repo/Platformer/VisionUp/Content/ReactiveWater/Textures/T_Noises.uasset" 266
"E:/ESGI/Unreal/Platfromer/Platformer_Repo/Platformer/VisionUp/Content/ReactiveWater/Textures/T_Water_Foam_Sprites.uasset" 267
"E:/ESGI/Unreal/Platfromer/Platformer_Repo/Platformer/VisionUp/Content/ReactiveWater/Materials/M_WaterFoam.uasset" 268
"E:/ESGI/Unreal/Platfromer/Platformer_Repo/Platformer/VisionUp/Content/ReactiveWater/Particles/P_Water_Foam.uasset" 269
"../../../Engine/Content/EditorMeshes/EditorPlane.uasset" 270
"E:/ESGI/Unreal/Platfromer/Platformer_Repo/Platformer/VisionUp/Content/ReactiveWater/Particles/P_Water_Ripple.uasset" 271
"E:/ESGI/Unreal/Platfromer/Platformer_Repo/Platformer/VisionUp/Content/ReactiveWater/Blueprints/BP_Water_Actor.uasset" 272
"E:/ESGI/Unreal/Platfromer/Platformer_Repo/Platformer/VisionUp/Content/Geometry/Ground/TexturesGround/Ground/Droit/Ground_Droit_DefaultMaterial_BaseColor.uasset" 273
"E:/ESGI/Unreal/Platfromer/Platformer_Repo/Platformer/VisionUp/Content/Geometry/Ground/TexturesGround/Ground/Droit/Ground_Droit_DefaultMaterial_Normal.uasset" 274
"E:/ESGI/Unreal/Platfromer/Platformer_Repo/Platformer/VisionUp/Content/Geometry/Ground/TexturesGround/Ground/Droit/Ground_Droit_DefaultMaterial_OcclusionRoughnessMetallic.uasset" 275
"E:/ESGI/Unreal/Platfromer/Platformer_Repo/Platformer/VisionUp/Content/Geometry/Ground/TexturesGround/Ground/Droit/Ground.uasset" 276
"E:/ESGI/Unreal/Platfromer/Platformer_Repo/Platformer/VisionUp/Content/Geometry/Ground/TexturesGround/Ground/Pont/Ground_Droit_+_Pont_for_textures_Pont_BaseColor.uasset" 277
"E:/ESGI/Unreal/Platfromer/Platformer_Repo/Platformer/VisionUp/Content/Geometry/Ground/TexturesGround/Ground/Pont/Ground_Droit_+_Pont_for_textures_Pont_Normal.uasset" 278
"E:/ESGI/Unreal/Platfromer/Platformer_Repo/Platformer/VisionUp/Content/Geometry/Ground/TexturesGround/Ground/Pont/Ground_Droit_+_Pont_for_textures_Pont_OcclusionRoughnessMetallic.uasset" 279
"E:/ESGI/Unreal/Platfromer/Platformer_Repo/Platformer/VisionUp/Content/Geometry/Ground/TexturesGround/Ground/Pont/Ground_Pont.uasset" 280
"../../../Engine/Content/BasicShapes/Cube.uasset" 281
"../../../Engine/Content/EngineMaterials/FlatNormal.uasset" 282
"../../../Engine/Content/EngineResources/Black.uasset" 283
"E:/ESGI/Unreal/Platfromer/Platformer_Repo/Platformer/VisionUp/Content/Geometry/Cliff+Tree/Textures/T_CliffRock_03_N.uasset" 284
"E:/ESGI/Unreal/Platfromer/Platformer_Repo/Platformer/VisionUp/Content/Geometry/Cliff+Tree/Textures/T_CliffRockTile_03_D.uasset" 285
"E:/ESGI/Unreal/Platfromer/Platformer_Repo/Platformer/VisionUp/Content/Geometry/Cliff+Tree/Material/M_Photoscan_Master.uasset" 286
"E:/ESGI/Unreal/Platfromer/Platformer_Repo/Platformer/VisionUp/Content/Geometry/Cliff+Tree/Cliff+Tree/Cliff/Cliff01/T_Cliff01_N.uasset" 287
"E:/ESGI/Unreal/Platfromer/Platformer_Repo/Platformer/VisionUp/Content/Geometry/Cliff+Tree/Cliff+Tree/Cliff/Cliff01/T_Cliff01_D_CC_R.uasset" 288
"E:/ESGI/Unreal/Platfromer/Platformer_Repo/Platformer/VisionUp/Content/Geometry/Cliff+Tree/Cliff+Tree/Cliff/Cliff01/MI_Cliff01.uasset" 289
"E:/ESGI/Unreal/Platfromer/Platformer_Repo/Platformer/VisionUp/Content/Geometry/Cliff+Tree/Cliff+Tree/Cliff/Cliff01/Cliff01.uasset" 290
"../../../Engine/Content/Functions/Engine_MaterialFunctions01/SpeedTree/SpeedTreeColorVariation.uasset" 291
"E:/ESGI/Unreal/Platfromer/Platformer_Repo/Platformer/VisionUp/Content/Geometry/Cliff+Tree/Cliff+Tree/Tree/Tree/ScotsPine_01_Atlas_Billboards_Normal_Tex.uasset" 292
"E:/ESGI/Unreal/Platfromer/Platformer_Repo/Platformer/VisionUp/Content/Geometry/Cliff+Tree/Cliff+Tree/Tree/Tree/ScotsPine_01_Atlas_Billboards_Tex.uasset" 293
"E:/ESGI/Unreal/Platfromer/Platformer_Repo/Platformer/VisionUp/Content/Geometry/Cliff+Tree/Cliff+Tree/Tree/Tree/ScotsPine_01_Billboard_Mat.uasset" 294
"E:/ESGI/Unreal/Platfromer/Platformer_Repo/Platformer/VisionUp/Content/Geometry/Cliff+Tree/Cliff+Tree/Tree/Tree/T_ScotsPine_Bark_01_N_Tex.uasset" 295
"E:/ESGI/Unreal/Platfromer/Platformer_Repo/Platformer/VisionUp/Content/Geometry/Cliff+Tree/Cliff+Tree/Tree/Tree/T_ScotsPine_Bark_01_Tex.uasset" 296
"E:/ESGI/Unreal/Platfromer/Platformer_Repo/Platformer/VisionUp/Content/Geometry/Cliff+Tree/Cliff+Tree/Tree/Tree/T_ScotsPine_Bark_03_D_Tex.uasset" 297
"E:/ESGI/Unreal/Platfromer/Platformer_Repo/Platformer/VisionUp/Content/Geometry/Cliff+Tree/Cliff+Tree/Tree/Tree/ScotsPine_01_Branches_2_Mat.uasset" 298
"E:/ESGI/Unreal/Platfromer/Platformer_Repo/Platformer/VisionUp/Content/Geometry/Cliff+Tree/Cliff+Tree/Tree/Tree/T_ScotsPine_Bark_03_N.uasset" 299
"E:/ESGI/Unreal/Platfromer/Platformer_Repo/Platformer/VisionUp/Content/Geometry/Cliff+Tree/Cliff+Tree/Tree/Tree/ScotsPine_01_Branches_Mat.uasset" 300
"E:/ESGI/Unreal/Platfromer/Platformer_Repo/Platformer/VisionUp/Content/Geometry/Cliff+Tree/Cliff+Tree/Tree/Tree/ScotsPine_01_Fronds_Mat.uasset" 301
"E:/ESGI/Unreal/Platfromer/Platformer_Repo/Platformer/VisionUp/Content/Geometry/Cliff+Tree/Cliff+Tree/Tree/Tree/ScotsPine_01_Atlas_Normal_Tex.uasset" 302
"E:/ESGI/Unreal/Platfromer/Platformer_Repo/Platformer/VisionUp/Content/Geometry/Cliff+Tree/Cliff+Tree/Tree/Tree/ScotsPine_01_Atlas_Specular_Tex.uasset" 303
"E:/ESGI/Unreal/Platfromer/Platformer_Repo/Platformer/VisionUp/Content/Geometry/Cliff+Tree/Cliff+Tree/Tree/Tree/ScotsPine_01_Atlas_Tex.uasset" 304
"E:/ESGI/Unreal/Platfromer/Platformer_Repo/Platformer/VisionUp/Content/Geometry/Cliff+Tree/Cliff+Tree/Tree/Tree/ScotsPine_01_Leaves_Mat.uasset" 305
"E:/ESGI/Unreal/Platfromer/Platformer_Repo/Platformer/VisionUp/Content/Geometry/Cliff+Tree/Cliff+Tree/Tree/Tree/ScotsPine_01.uasset" 306
"E:/ESGI/Unreal/Platfromer/Platformer_Repo/Platformer/VisionUp/Content/Geometry/Ground/Ground/Ground_Droit.uasset" 307
"E:/ESGI/Unreal/Platfromer/Platformer_Repo/Platformer/VisionUp/Content/Geometry/Ground/Ground/Ground_Pont.uasset" 308
"E:/ESGI/Unreal/Platfromer/Platformer_Repo/Platformer/VisionUp/Content/Geometry/Piranha/Textures/Piranha_body_BaseColor.uasset" 309
"E:/ESGI/Unreal/Platfromer/Platformer_Repo/Platformer/VisionUp/Content/Geometry/Piranha/Textures/Piranha_body_Normal.uasset" 310
"E:/ESGI/Unreal/Platfromer/Platformer_Repo/Platformer/VisionUp/Content/Geometry/Piranha/Textures/Piranha_body_OcclusionRoughnessMetallic.uasset" 311
"E:/ESGI/Unreal/Platfromer/Platformer_Repo/Platformer/VisionUp/Content/Geometry/Piranha/body_001.uasset" 312
"E:/ESGI/Unreal/Platfromer/Platformer_Repo/Platformer/VisionUp/Content/Geometry/Piranha/Textures/Piranha_eye_BaseColor.uasset" 313
"E:/ESGI/Unreal/Platfromer/Platformer_Repo/Platformer/VisionUp/Content/Geometry/Piranha/Textures/Piranha_eye_Normal.uasset" 314
"E:/ESGI/Unreal/Platfromer/Platformer_Repo/Platformer/VisionUp/Content/Geometry/Piranha/Textures/Piranha_eye_OcclusionRoughnessMetallic.uasset" 315
"E:/ESGI/Unreal/Platfromer/Platformer_Repo/Platformer/VisionUp/Content/Geometry/Piranha/eye_001.uasset" 316
"E:/ESGI/Unreal/Platfromer/Platformer_Repo/Platformer/VisionUp/Content/Geometry/Piranha/teeth_001.uasset" 317
"E:/ESGI/Unreal/Platfromer/Platformer_Repo/Platformer/VisionUp/Content/Geometry/Piranha/PiranhaAnimated_PhysicsAsset.uasset" 318
"E:/ESGI/Unreal/Platfromer/Platformer_Repo/Platformer/VisionUp/Content/Geometry/Piranha/PiranhaAnimated.uasset" 319
"E:/ESGI/Unreal/Platfromer/Platformer_Repo/Platformer/VisionUp/Content/ThirdPersonBP/Maps/DuplicateOfScene1.umap" 320
"../../../Engine/Content/EngineSky/C_Sky_Cloud_Color.uasset" 321
"../../../Engine/Content/EngineSky/C_Sky_Horizon_Color.uasset" 322
"../../../Engine/Content/EngineSky/C_Sky_Zenith_Color.uasset" 323
"../../../Engine/Content/EngineSky/T_Sky_Blue.uasset" 324
"../../../Engine/Content/EngineSky/T_Sky_Clouds_M.uasset" 325
"../../../Engine/Content/EngineSky/T_Sky_Stars.uasset" 326
"../../../Engine/Content/EngineSky/M_Sky_Panning_Clouds2.uasset" 327
"../../../Engine/Content/EngineSky/SM_SkySphere.uasset" 328
"../../../Engine/Content/EngineSky/BP_Sky_Sphere.uasset" 329
"E:/ESGI/Unreal/Platfromer/Platformer_Repo/Platformer/VisionUp/Content/ThirdPersonBP/Maps/Scene1_BuiltData.uasset" 330
"E:/ESGI/Unreal/Platfromer/Platformer_Repo/Platformer/VisionUp/Content/ThirdPersonBP/Maps/Scene1.umap" 331
"../../../Engine/Content/Maps/Entry_BuiltData.uasset" 332
"../../../Engine/Content/Maps/Entry.umap" 333
